26-01-2023 16:50:40 - menu - INFO - menu - Interaction with complex numbers
26-01-2023 16:50:40 - menu_comp - INFO - menu_comp - Selected complex menu
26-01-2023 16:50:47 - calc - ERROR - input_2_num - Input no numbers ['2', 'df']
26-01-2023 16:50:50 - calc - ERROR - input_2_num - Input no numbers ['df', '3']
26-01-2023 16:50:52 - calc - INFO - input_2_num - Input two numbers 3.0 , 4.0
26-01-2023 16:50:58 - calc - INFO - input_2_num - Input two numbers 4.0 , 4.0
26-01-2023 16:50:58 - calc - INFO - input_complex - Input two complex (3+4j) , (4+4j)
26-01-2023 16:50:58 - calc - INFO - sum - Result (3+4j)+(4+4j)=(7+8j)
26-01-2023 16:51:08 - calc - INFO - input_2_num - Input two numbers 2.0 , 3.0
26-01-2023 16:51:11 - calc - INFO - input_2_num - Input two numbers 6564.0 , 345.0
26-01-2023 16:51:11 - calc - INFO - input_complex - Input two complex (2+3j) , (6564+345j)
26-01-2023 16:51:11 - calc - INFO - sub - Result (2+3j)-(6564+345j)=(-6562-342j)
26-01-2023 16:51:18 - calc - ERROR - input_2_num - Input no numbers ['4']
26-01-2023 16:51:21 - calc - INFO - input_2_num - Input two numbers 5.0 , 5.0
26-01-2023 16:51:23 - calc - INFO - input_2_num - Input two numbers 56.0 , 76.0
26-01-2023 16:51:23 - calc - INFO - input_complex - Input two complex (5+5j) , (56+76j)
26-01-2023 16:51:23 - calc - INFO - mul - Result (5+5j)*(56+76j)=(-100+660j)
26-01-2023 16:51:36 - calc - ERROR - input_2_num - Input no numbers ['546']
26-01-2023 16:51:39 - calc - INFO - input_2_num - Input two numbers 654.0 , 645.0
26-01-2023 16:51:43 - calc - INFO - input_2_num - Input two numbers 456.0 , 465.0
26-01-2023 16:51:43 - calc - INFO - input_complex - Input two complex (654+645j) , (456+465j)
26-01-2023 16:51:43 - excepts - INFO - check_zero - Check division by zero
26-01-2023 16:51:43 - calc - INFO - div_1 - Result (654+645j)/(456+465j)=(1.4101932992425046-0.02355237751702775j)
26-01-2023 16:51:56 - calc - INFO - input_2_num - Input two numbers 45.0 , 465.0
26-01-2023 16:51:56 - calc - INFO - input_1_complex - Input one complex (45+465j)
26-01-2023 16:52:00 - calc - ERROR - input_1_num - Input no numbers ['6544', '456']
26-01-2023 16:52:01 - calc - INFO - input_1_num - Input one numbers 4.0
26-01-2023 16:52:01 - calc - INFO - pow - Result (45+465j)**4.0=(44130217500-17928540000j)
26-01-2023 16:52:11 - calc - INFO - input_2_num - Input two numbers 564.0 , 456.0
26-01-2023 16:52:11 - calc - INFO - input_1_complex - Input one complex (564+456j)
26-01-2023 16:52:11 - excepts - INFO - check_posit - Checking for negativity
26-01-2023 16:53:39 - menu - INFO - menu - Interaction with complex numbers
26-01-2023 16:53:39 - menu_comp - INFO - menu_comp - Selected complex menu
26-01-2023 16:53:45 - calc - INFO - input_2_num - Input two numbers 234.0 , 345.0
26-01-2023 16:53:45 - calc - INFO - input_1_complex - Input one complex (234+345j)
26-01-2023 16:53:45 - excepts - INFO - check_posit - Checking for negativity
26-01-2023 16:54:16 - menu - INFO - menu - Interaction with complex numbers
26-01-2023 16:54:16 - menu_comp - INFO - menu_comp - Selected complex menu
26-01-2023 16:54:22 - calc - INFO - input_2_num - Input two numbers 123123.0 , 234.0
26-01-2023 16:54:22 - calc - INFO - input_1_complex - Input one complex (123123+234j)
26-01-2023 16:54:22 - calc - INFO - sqrt_complex - Result = (350.88902972507+0.33343875153826363j)
26-01-2023 16:54:38 - menu - INFO - menu - Interaction with rational numbers
26-01-2023 16:54:38 - menu_rac - INFO - menu_rac - Selected racional menu
26-01-2023 16:54:42 - calc - INFO - input_2_num - Input two numbers 123.0 , 243.0
26-01-2023 16:54:42 - calc - INFO - sum - Result 123.0+243.0=366.0
26-01-2023 16:54:50 - calc - INFO - input_2_num - Input two numbers 234.0 , 354345.0
26-01-2023 16:54:50 - calc - INFO - sub - Result 234.0-354345.0=-354111.0
26-01-2023 16:54:57 - calc - ERROR - input_2_num - Input no numbers ['345', 'fg']
26-01-2023 16:55:00 - calc - ERROR - input_2_num - Input no numbers ['dfgs', 'fd']
26-01-2023 16:55:03 - calc - ERROR - input_2_num - Input no numbers ['dsfgsg', '545']
26-01-2023 16:55:06 - calc - INFO - input_2_num - Input two numbers 3453.0 , 345.0
26-01-2023 16:55:06 - calc - INFO - mul - Result 3453.0*345.0=1191285.0
26-01-2023 16:55:13 - calc - INFO - input_2_num - Input two numbers 34534.0 , 0.0
26-01-2023 16:55:13 - excepts - INFO - check_zero - Check division by zero
26-01-2023 16:55:13 - calc - ERROR - div_1 - Tried to divide by zero
26-01-2023 16:55:16 - calc - INFO - input_2_num - Input two numbers 345.0 , 345.0
26-01-2023 16:55:16 - excepts - INFO - check_zero - Check division by zero
26-01-2023 16:55:16 - calc - INFO - div_1 - Result 345.0/345.0=1.0
26-01-2023 17:02:32 - menu - INFO - menu - Interaction with rational numbers
26-01-2023 17:02:32 - menu_rac - INFO - menu_rac - Selected racional menu
26-01-2023 17:02:38 - calc - INFO - input_2_num - Input two numbers 23423.0 , 0.0
26-01-2023 17:02:38 - excepts - INFO - check_zero - Check division by zero
26-01-2023 17:02:38 - calc - ERROR - div_1 - Tried to divide by zero
26-01-2023 17:02:41 - calc - INFO - input_2_num - Input two numbers 234.0 , 6456.0
26-01-2023 17:02:41 - excepts - INFO - check_zero - Check division by zero
26-01-2023 17:02:41 - calc - INFO - div_1 - Result 234.0/6456.0=0.0362453531598513
26-01-2023 17:14:17 - menu - INFO - menu - Interaction with rational numbers
26-01-2023 17:14:17 - menu_rac - INFO - menu_rac - Selected racional menu
26-01-2023 17:14:22 - calc - INFO - input_2_num - Input two numbers 2.0 , 0.0
26-01-2023 17:14:22 - excepts - INFO - check_zero - Check division by zero
26-01-2023 17:14:27 - calc - INFO - input_2_num - Input two numbers 4.0 , 0.0
26-01-2023 17:14:27 - excepts - INFO - check_zero - Check division by zero
26-01-2023 17:14:30 - calc - INFO - input_2_num - Input two numbers 4.0 , 2.0
26-01-2023 17:14:30 - excepts - INFO - check_zero - Check division by zero
26-01-2023 17:14:30 - excepts - INFO - check_zero - Check division by zero
26-01-2023 17:14:30 - calc - INFO - div_1 - Result 4.0/2.0=2.0
26-01-2023 17:16:44 - menu - INFO - menu - Interaction with rational numbers
26-01-2023 17:16:44 - menu_rac - INFO - menu_rac - Selected racional menu
26-01-2023 17:16:55 - calc - INFO - input_2_num - Input two numbers 5.0 , 0.0
26-01-2023 17:16:55 - excepts - INFO - check_zero - Check division by zero
26-01-2023 17:17:00 - calc - INFO - input_2_num - Input two numbers 345345.0 , 0.0
26-01-2023 17:17:00 - excepts - INFO - check_zero - Check division by zero
26-01-2023 17:17:07 - calc - INFO - input_2_num - Input two numbers 34534.0 , 345.0
26-01-2023 17:17:07 - excepts - INFO - check_zero - Check division by zero
26-01-2023 17:17:07 - excepts - INFO - check_zero - Check division by zero
26-01-2023 17:17:07 - calc - INFO - div_2 - Result 34534.0//345.0=100.0
26-01-2023 17:17:16 - calc - INFO - input_2_num - Input two numbers 345343.0 , 0.0
26-01-2023 17:17:16 - excepts - INFO - check_zero - Check division by zero
26-01-2023 17:17:19 - calc - INFO - input_2_num - Input two numbers 345345.0 , 345.0
26-01-2023 17:17:19 - excepts - INFO - check_zero - Check division by zero
26-01-2023 17:17:19 - excepts - INFO - check_zero - Check division by zero
26-01-2023 17:17:19 - calc - INFO - div_3 - Result 345345.0//345.0=0.0
26-01-2023 17:17:58 - calc - INFO - input_2_num - Input two numbers 234.0 , 768.0
26-01-2023 17:17:58 - excepts - INFO - check_zero - Check division by zero
26-01-2023 17:17:58 - excepts - INFO - check_zero - Check division by zero
26-01-2023 17:17:58 - calc - INFO - div_3 - Result 234.0//768.0=234.0
26-01-2023 17:18:21 - calc - INFO - input_2_num - Input two numbers 45645.0 , 456.0
26-01-2023 17:18:47 - menu - INFO - menu - Interaction with rational numbers
26-01-2023 17:18:47 - menu_rac - INFO - menu_rac - Selected racional menu
26-01-2023 17:18:55 - calc - INFO - input_2_num - Input two numbers 2.0 , -3.0
26-01-2023 17:18:55 - calc - INFO - pow - Result 2.0**-3.0=0.125
26-01-2023 17:19:04 - calc - INFO - input_1_num - Input one numbers -5.0
26-01-2023 17:19:04 - excepts - INFO - check_posit - Checking for negativity
26-01-2023 17:19:08 - calc - ERROR - input_1_num - Input no numbers ['ыпыва']
26-01-2023 17:19:10 - calc - INFO - input_1_num - Input one numbers -6.0
26-01-2023 17:19:10 - excepts - INFO - check_posit - Checking for negativity
26-01-2023 17:19:13 - calc - INFO - input_1_num - Input one numbers 8.0
26-01-2023 17:19:13 - excepts - INFO - check_posit - Checking for negativity
26-01-2023 17:19:13 - excepts - INFO - check_posit - Checking for negativity
26-01-2023 17:19:13 - calc - INFO - sqrt - Result = 2.8284271247461903
26-01-2023 17:21:19 - menu - INFO - menu - Interaction with complex numbers
26-01-2023 17:21:19 - menu_comp - INFO - menu_comp - Selected complex menu
26-01-2023 17:21:26 - calc - INFO - input_2_num - Input two numbers 32234.0 , 0.0
26-01-2023 17:21:29 - calc - INFO - input_2_num - Input two numbers 234234.0 , 0.0
26-01-2023 17:21:29 - calc - INFO - input_complex - Input two complex (32234+0j) , (234234+0j)
26-01-2023 17:21:29 - excepts - INFO - check_zero - Check division by zero
26-01-2023 17:21:29 - calc - INFO - div_1 - Result (32234+0j)/(234234+0j)=(0.13761452222990683+0j)
26-01-2023 17:22:39 - menu - INFO - menu - Restarting the program
26-01-2023 17:22:45 - menu - INFO - menu - Interaction with complex numbers
26-01-2023 17:22:45 - menu_comp - INFO - menu_comp - Selected complex menu
26-01-2023 17:22:54 - menu - INFO - menu - Restarting the program
26-01-2023 17:22:58 - menu - INFO - menu - Interaction with rational numbers
26-01-2023 17:22:58 - menu_rac - INFO - menu_rac - Selected racional menu
26-01-2023 17:23:02 - menu - INFO - menu - Restarting the program
26-01-2023 17:23:05 - menu - INFO - menu - Interrupting work in the program
26-01-2023 17:23:05 - main - INFO - <module> - Start program
26-01-2023 17:23:32 - menu - INFO - menu - Interrupting work in the program
26-01-2023 17:23:32 - main - INFO - <module> - Start program
26-01-2023 17:23:33 - menu - INFO - menu - Interrupting work in the program
26-01-2023 17:23:57 - main - INFO - <module> - Start program
26-01-2023 17:23:58 - menu - INFO - menu - Interrupting work in the program
26-01-2023 17:24:00 - main - INFO - <module> - Start program
26-01-2023 17:24:02 - menu - INFO - menu - Interaction with complex numbers
26-01-2023 17:24:02 - menu_comp - INFO - menu_comp - Selected complex menu
26-01-2023 17:24:09 - calc - INFO - input_2_num - Input two numbers 324.0 , 324.0
26-01-2023 17:24:13 - calc - INFO - input_2_num - Input two numbers 234.0 , 0.0
26-01-2023 17:24:13 - calc - INFO - input_complex - Input two complex (324+324j) , (234+0j)
26-01-2023 17:24:13 - calc - INFO - sum - Result (324+324j)+(234+0j)=(558+324j)
26-01-2023 17:27:55 - calc - INFO - input_2_num - Input two numbers 23423.0 , 345.0
26-01-2023 17:27:55 - calc - INFO - input_1_complex - Input one complex (23423+345j)
26-01-2023 17:27:55 - calc - INFO - sqrt_complex - Result = (153.04989486128824+1.1270834269852958j)
26-01-2023 17:28:09 - main - INFO - <module> - Start program
26-01-2023 17:28:12 - menu - INFO - menu - Interaction with complex numbers
26-01-2023 17:28:12 - menu_comp - INFO - menu_comp - Selected complex menu
26-01-2023 17:28:17 - calc - ERROR - input_2_num - Input no numbers ['23423']
26-01-2023 17:28:17 - calc - ERROR - input_2_num - Input no numbers ['234234']
26-01-2023 17:28:20 - calc - INFO - input_2_num - Input two numbers 234243.0 , 354.0
26-01-2023 17:28:20 - calc - INFO - input_1_complex - Input one complex (234243+354j)
26-01-2023 17:28:20 - calc - INFO - sqrt_complex - Result = (483.9867082324155+0.36571252265672294j)
26-01-2023 17:33:27 - main - INFO - <module> - Start program
26-01-2023 17:33:29 - menu - INFO - menu - Interaction with rational numbers
26-01-2023 17:33:29 - menu_rac - INFO - menu_rac - Selected racional menu
26-01-2023 17:33:36 - excepts - ERROR - validate - tried to input a non-numeric value
26-01-2023 17:33:36 - calc - ERROR - input_2_num - Input no numbers ['345345', '4gdf']
26-01-2023 17:33:40 - calc - INFO - input_2_num - Input two numbers 234.0 , 5.0
26-01-2023 17:33:40 - calc - INFO - sum - Result 234.0+5.0=239.0
26-01-2023 17:34:28 - menu - INFO - menu - Interrupting work in the program
